<?xml version="1.0" encoding="UTF-8"?>
<testsuite name="com.tw.capability.FizzBuzzTest" tests="1" skipped="0" failures="0" errors="0" timestamp="2022-09-26T05:50:00" hostname="Jiaweis-MacBook-Pro.local" time="0.015">
  <properties/>
  <testcase name="should_return_Whizz_when_number_contains_seven()" classname="com.tw.capability.FizzBuzzTest" time="0.015"/>
  <system-out><![CDATA[]]></system-out>
  <system-err><![CDATA[]]></system-err>
</testsuite>
